#
# There is insufficient memory for the Java Runtime Environment to continue.
# Native memory allocation (malloc) failed to allocate 131088 bytes for Chunk::new
# Possible reasons:
#   The system is out of physical RAM or swap space
#   In 32 bit mode, the process size limit was hit
# Possible solutions:
#   Reduce memory load on the system
#   Increase physical memory or swap space
#   Check if swap backing store is full
#   Use 64 bit Java on a 64 bit OS
#   Decrease Java heap size (-Xmx/-Xms)
#   Decrease number of Java threads
#   Decrease Java thread stack sizes (-Xss)
#   Set larger code cache with -XX:ReservedCodeCacheSize=
# This output file may be truncated or incomplete.
#
#  Out of Memory Error (allocation.cpp:390), pid=5720, tid=0x0000000000001178
#
# JRE version: Java(TM) SE Runtime Environment (8.0_111-b14) (build 1.8.0_111-b14)
# Java VM: Java HotSpot(TM) 64-Bit Server VM (25.111-b14 mixed mode windows-amd64 compressed oops)
# Failed to write core dump. Minidumps are not enabled by default on client versions of Windows
#

---------------  T H R E A D  ---------------

Current thread (0x00000000175f8000):  JavaThread "C2 CompilerThread1" daemon [_thread_in_native, id=4472, stack(0x0000000018d40000,0x0000000018e40000)]

Stack: [0x0000000018d40000,0x0000000018e40000]
[error occurred during error reporting (printing stack bounds), id 0xc0000005]

Native frames: (J=compiled Java code, j=interpreted, Vv=VM code, C=native code)


Current CompileTask:
C2:   6338 3247   !   4       java.net.URL::<init> (543 bytes)


---------------  P R O C E S S  ---------------

Java Threads: ( => current thread )
  0x000000001a8f3800 JavaThread "Abandoned connection cleanup thread" daemon [_thread_blocked, id=7328, stack(0x000000001e5d0000,0x000000001e6d0000)]
  0x000000001a8f2800 JavaThread "container-0" [_thread_blocked, id=1376, stack(0x000000001e4d0000,0x000000001e5d0000)]
  0x000000001c2dc000 JavaThread "ContainerBackgroundProcessor[StandardEngine[Tomcat]]" daemon [_thread_blocked, id=5076, stack(0x000000001cfd0000,0x000000001d0d0000)]
  0x000000001c46d000 JavaThread "localhost-startStop-1" daemon [_thread_blocked, id=9684, stack(0x000000001bcf0000,0x000000001bdf0000)]
  0x000000001f1d9800 JavaThread "Tomcat-startStop-1" daemon [_thread_blocked, id=10120, stack(0x000000001b3f0000,0x000000001b4f0000)]
  0x0000000018f6d000 JavaThread "Service Thread" daemon [_thread_blocked, id=9112, stack(0x0000000019340000,0x0000000019440000)]
  0x00000000175fe000 JavaThread "C1 CompilerThread2" daemon [_thread_blocked, id=7808, stack(0x0000000018e40000,0x0000000018f40000)]
=>0x00000000175f8000 JavaThread "C2 CompilerThread1" daemon [_thread_in_native, id=4472, stack(0x0000000018d40000,0x0000000018e40000)]
  0x00000000175f2000 JavaThread "C2 CompilerThread0" daemon [_thread_in_native, id=9804, stack(0x0000000018c40000,0x0000000018d40000)]
  0x00000000175f0800 JavaThread "Attach Listener" daemon [_thread_blocked, id=6060, stack(0x0000000018b40000,0x0000000018c40000)]
  0x00000000175ef800 JavaThread "Signal Dispatcher" daemon [_thread_blocked, id=7468, stack(0x0000000018a40000,0x0000000018b40000)]
  0x000000000298d000 JavaThread "Finalizer" daemon [_thread_blocked, id=9884, stack(0x0000000018850000,0x0000000018950000)]
  0x0000000002982000 JavaThread "Reference Handler" daemon [_thread_blocked, id=10044, stack(0x0000000018750000,0x0000000018850000)]
  0x0000000002893800 JavaThread "main" [_thread_in_native, id=9272, stack(0x0000000001060000,0x0000000001160000)]

Other Threads:
  0x00000000175b7800 VMThread [stack: 0x0000000018650000,0x0000000018750000] [id=9432]
  0x0000000018f97800 WatcherThread [stack: 0x0000000019840000,0x0000000019940000] [id=7344]

VM state:not at safepoint (normal execution)

VM Mutex/Monitor currently owned by a thread: None

Heap:
 PSYoungGen      total 105984K, used 27261K [0x00000000d5d00000, 0x00000000df080000, 0x0000000100000000)
  eden space 94208K, 28% used [0x00000000d5d00000,0x00000000d779f548,0x00000000db900000)
  from space 11776K, 0% used [0x00000000db900000,0x00000000db900000,0x00000000dc480000)
  to   space 13824K, 0% used [0x00000000de300000,0x00000000de300000,0x00000000df080000)
 ParOldGen       total 68608K, used 18139K [0x0000000081600000, 0x0000000085900000, 0x00000000d5d00000)
  object space 68608K, 26% used [0x0000000081600000,0x00000000827b6ff0,0x0000000085900000)
 Metaspace       used 38651K, capacity 39030K, committed 39424K, reserved 1085440K
  class space    used 5002K, capacity 5116K, committed 5120K, reserved 1048576K

Card table byte_map: [0x0000000011f50000,0x0000000012350000] byte_map_base: 0x0000000011b45000

Marking Bits: (ParMarkBitMap*) 0x00000000612da6c0
 Begin Bits: [0x0000000012900000, 0x00000000148a8000)
 End Bits:   [0x00000000148a8000, 0x0000000016850000)

Polling page: 0x0000000000ee0000

CodeCache: size=245760Kb used=10768Kb max_used=11682Kb free=234991Kb
 bounds [0x0000000002b90000, 0x0000000003710000, 0x0000000011b90000]
 total_blobs=3368 nmethods=2891 adapters=389
 compilation: enabled

Compilation events (10 events):
Event: 6.296 Thread 0x00000000175fe000 nmethod 3256 0x0000000002f80590 code [0x0000000002f80720, 0x0000000002f80b18]
Event: 6.296 Thread 0x00000000175fe000 3255       3       javassist.bytecode.ByteVector::addGap (72 bytes)
Event: 6.296 Thread 0x00000000175fe000 nmethod 3255 0x0000000002f7ffd0 code [0x0000000002f80140, 0x0000000002f804a8]
Event: 6.296 Thread 0x00000000175fe000 3257       3       javassist.bytecode.Bytecode::add (6 bytes)
Event: 6.297 Thread 0x00000000175fe000 nmethod 3257 0x00000000030c80d0 code [0x00000000030c8240, 0x00000000030c84e8]
Event: 6.297 Thread 0x00000000175fe000 3258       3       javassist.bytecode.ByteVector::add (19 bytes)
Event: 6.297 Thread 0x00000000175fe000 nmethod 3258 0x00000000030c7bd0 code [0x00000000030c7d40, 0x00000000030c7fa8]
Event: 6.307 Thread 0x00000000175f2000 3260   !   4       java.util.zip.ZipFile::getInputStream (304 bytes)
Event: 6.313 Thread 0x00000000175fe000 3261       3       java.util.HashMap::putVal (300 bytes)
Event: 6.315 Thread 0x00000000175fe000 nmethod 3261 0x0000000002cfd910 code [0x0000000002cfdb80, 0x0000000002cfee38]

GC Heap History (10 events):
Event: 5.490 GC heap before
{Heap before GC invocations=8 (full 1):
 PSYoungGen      total 103936K, used 103051K [0x00000000d5d00000, 0x00000000dd000000, 0x0000000100000000)
  eden space 94208K, 100% used [0x00000000d5d00000,0x00000000db900000,0x00000000db900000)
  from space 9728K, 90% used [0x00000000dc680000,0x00000000dcf22de0,0x00000000dd000000)
  to   space 11776K, 0% used [0x00000000db900000,0x00000000db900000,0x00000000dc480000)
 ParOldGen       total 68608K, used 11026K [0x0000000081600000, 0x0000000085900000, 0x00000000d5d00000)
  object space 68608K, 16% used [0x0000000081600000,0x00000000820c4900,0x0000000085900000)
 Metaspace       used 32937K, capacity 33270K, committed 33536K, reserved 1079296K
  class space    used 4249K, capacity 4348K, committed 4352K, reserved 1048576K
Event: 5.513 GC heap after
Heap after GC invocations=8 (full 1):
 PSYoungGen      total 105984K, used 11599K [0x00000000d5d00000, 0x00000000dfb80000, 0x0000000100000000)
  eden space 94208K, 0% used [0x00000000d5d00000,0x00000000d5d00000,0x00000000db900000)
  from space 11776K, 98% used [0x00000000db900000,0x00000000dc453f98,0x00000000dc480000)
  to   space 13312K, 0% used [0x00000000dee80000,0x00000000dee80000,0x00000000dfb80000)
 ParOldGen       total 68608K, used 11034K [0x0000000081600000, 0x0000000085900000, 0x00000000d5d00000)
  object space 68608K, 16% used [0x0000000081600000,0x00000000820c6900,0x0000000085900000)
 Metaspace       used 32937K, capacity 33270K, committed 33536K, reserved 1079296K
  class space    used 4249K, capacity 4348K, committed 4352K, reserved 1048576K
}
Event: 5.677 GC heap before
{Heap before GC invocations=9 (full 1):
 PSYoungGen      total 105984K, used 18507K [0x00000000d5d00000, 0x00000000dfb80000, 0x0000000100000000)
  eden space 94208K, 7% used [0x00000000d5d00000,0x00000000d63beff0,0x00000000db900000)
  from space 11776K, 98% used [0x00000000db900000,0x00000000dc453f98,0x00000000dc480000)
  to   space 13312K, 0% used [0x00000000dee80000,0x00000000dee80000,0x00000000dfb80000)
 ParOldGen       total 68608K, used 11034K [0x0000000081600000, 0x0000000085900000, 0x00000000d5d00000)
  object space 68608K, 16% used [0x0000000081600000,0x00000000820c6900,0x0000000085900000)
 Metaspace       used 34666K, capacity 34998K, committed 35200K, reserved 1083392K
  class space    used 4397K, capacity 4476K, committed 4480K, reserved 1048576K
Event: 5.687 GC heap after
Heap after GC invocations=9 (full 1):
 PSYoungGen      total 107520K, used 8896K [0x00000000d5d00000, 0x00000000dfb80000, 0x0000000100000000)
  eden space 94208K, 0% used [0x00000000d5d00000,0x00000000d5d00000,0x00000000db900000)
  from space 13312K, 66% used [0x00000000dee80000,0x00000000df7301a0,0x00000000dfb80000)
  to   space 11776K, 0% used [0x00000000db900000,0x00000000db900000,0x00000000dc480000)
 ParOldGen       total 68608K, used 11042K [0x0000000081600000, 0x0000000085900000, 0x00000000d5d00000)
  object space 68608K, 16% used [0x0000000081600000,0x00000000820c8900,0x0000000085900000)
 Metaspace       used 34666K, capacity 34998K, committed 35200K, reserved 1083392K
  class space    used 4397K, capacity 4476K, committed 4480K, reserved 1048576K
}
Event: 5.687 GC heap before
{Heap before GC invocations=10 (full 2):
 PSYoungGen      total 107520K, used 8896K [0x00000000d5d00000, 0x00000000dfb80000, 0x0000000100000000)
  eden space 94208K, 0% used [0x00000000d5d00000,0x00000000d5d00000,0x00000000db900000)
  from space 13312K, 66% used [0x00000000dee80000,0x00000000df7301a0,0x00000000dfb80000)
  to   space 11776K, 0% used [0x00000000db900000,0x00000000db900000,0x00000000dc480000)
 ParOldGen       total 68608K, used 11042K [0x0000000081600000, 0x0000000085900000, 0x00000000d5d00000)
  object space 68608K, 16% used [0x0000000081600000,0x00000000820c8900,0x0000000085900000)
 Metaspace       used 34666K, capacity 34998K, committed 35200K, reserved 1083392K
  class space    used 4397K, capacity 4476K, committed 4480K, reserved 1048576K
Event: 5.783 GC heap after
Heap after GC invocations=10 (full 2):
 PSYoungGen      total 107520K, used 0K [0x00000000d5d00000, 0x00000000dfb80000, 0x0000000100000000)
  eden space 94208K, 0% used [0x00000000d5d00000,0x00000000d5d00000,0x00000000db900000)
  from space 13312K, 0% used [0x00000000dee80000,0x00000000dee80000,0x00000000dfb80000)
  to   space 11776K, 0% used [0x00000000db900000,0x00000000db900000,0x00000000dc480000)
 ParOldGen       total 68608K, used 17926K [0x0000000081600000, 0x0000000085900000, 0x00000000d5d00000)
  object space 68608K, 26% used [0x0000000081600000,0x0000000082781818,0x0000000085900000)
 Metaspace       used 34666K, capacity 34998K, committed 35200K, reserved 1081344K
  class space    used 4397K, capacity 4476K, committed 4480K, reserved 1048576K
}
Event: 5.839 GC heap before
{Heap before GC invocations=11 (full 2):
 PSYoungGen      total 107520K, used 5437K [0x00000000d5d00000, 0x00000000dfb80000, 0x0000000100000000)
  eden space 94208K, 5% used [0x00000000d5d00000,0x00000000d624f6c0,0x00000000db900000)
  from space 13312K, 0% used [0x00000000dee80000,0x00000000dee80000,0x00000000dfb80000)
  to   space 11776K, 0% used [0x00000000db900000,0x00000000db900000,0x00000000dc480000)
 ParOldGen       total 68608K, used 17926K [0x0000000081600000, 0x0000000085900000, 0x00000000d5d00000)
  object space 68608K, 26% used [0x0000000081600000,0x0000000082781818,0x0000000085900000)
 Metaspace       used 35287K, capacity 35638K, committed 35840K, reserved 1085440K
  class space    used 4506K, capacity 4604K, committed 4608K, reserved 1048576K
Event: 5.843 GC heap after
Heap after GC invocations=11 (full 2):
 PSYoungGen      total 105984K, used 901K [0x00000000d5d00000, 0x00000000df080000, 0x0000000100000000)
  eden space 94208K, 0% used [0x00000000d5d00000,0x00000000d5d00000,0x00000000db900000)
  from space 11776K, 7% used [0x00000000db900000,0x00000000db9e1598,0x00000000dc480000)
  to   space 13824K, 0% used [0x00000000de300000,0x00000000de300000,0x00000000df080000)
 ParOldGen       total 68608K, used 17926K [0x0000000081600000, 0x0000000085900000, 0x00000000d5d00000)
  object space 68608K, 26% used [0x0000000081600000,0x0000000082781818,0x0000000085900000)
 Metaspace       used 35287K, capacity 35638K, committed 35840K, reserved 1085440K
  class space    used 4506K, capacity 4604K, committed 4608K, reserved 1048576K
}
Event: 5.843 GC heap before
{Heap before GC invocations=12 (full 3):
 PSYoungGen      total 105984K, used 901K [0x00000000d5d00000, 0x00000000df080000, 0x0000000100000000)
  eden space 94208K, 0% used [0x00000000d5d00000,0x00000000d5d00000,0x00000000db900000)
  from space 11776K, 7% used [0x00000000db900000,0x00000000db9e1598,0x00000000dc480000)
  to   space 13824K, 0% used [0x00000000de300000,0x00000000de300000,0x00000000df080000)
 ParOldGen       total 68608K, used 17926K [0x0000000081600000, 0x0000000085900000, 0x00000000d5d00000)
  object space 68608K, 26% used [0x0000000081600000,0x0000000082781818,0x0000000085900000)
 Metaspace       used 35287K, capacity 35638K, committed 35840K, reserved 1085440K
  class space    used 4506K, capacity 4604K, committed 4608K, reserved 1048576K
Event: 5.971 GC heap after
Heap after GC invocations=12 (full 3):
 PSYoungGen      total 105984K, used 0K [0x00000000d5d00000, 0x00000000df080000, 0x0000000100000000)
  eden space 94208K, 0% used [0x00000000d5d00000,0x00000000d5d00000,0x00000000db900000)
  from space 11776K, 0% used [0x00000000db900000,0x00000000db900000,0x00000000dc480000)
  to   space 13824K, 0% used [0x00000000de300000,0x00000000de300000,0x00000000df080000)
 ParOldGen       total 68608K, used 18139K [0x0000000081600000, 0x0000000085900000, 0x00000000d5d00000)
  object space 68608K, 26% used [0x0000000081600000,0x00000000827b6ff0,0x0000000085900000)
 Metaspace       used 35287K, capacity 35638K, committed 35840K, reserved 1083392K
  class space    used 4506K, capacity 4604K, committed 4608K, reserved 1048576K
}

Deoptimization events (10 events):
Event: 5.792 Thread 0x0000000002893800 Uncommon trap: reason=class_check action=maybe_recompile pc=0x0000000002e59d1c method=java.util.TreeMap.put(Ljava/lang/Object;Ljava/lang/Object;)Ljava/lang/Object; @ 127
Event: 5.792 Thread 0x0000000002893800 Uncommon trap: reason=class_check action=maybe_recompile pc=0x0000000002e59d1c method=java.util.TreeMap.put(Ljava/lang/Object;Ljava/lang/Object;)Ljava/lang/Object; @ 127
Event: 5.821 Thread 0x0000000002893800 Uncommon trap: reason=class_check action=maybe_recompile pc=0x00000000035a9d14 method=java.util.AbstractList$Itr.hasNext()Z @ 8
Event: 5.992 Thread 0x0000000002893800 Uncommon trap: reason=unstable_if action=reinterpret pc=0x0000000002ce1410 method=java.lang.String.valueOf(Ljava/lang/Object;)Ljava/lang/String; @ 1
Event: 5.995 Thread 0x0000000002893800 Uncommon trap: reason=bimorphic action=maybe_recompile pc=0x0000000002e2b2b4 method=java.lang.ClassLoader.loadClass(Ljava/lang/String;Z)Ljava/lang/Class; @ 2
Event: 6.162 Thread 0x0000000002893800 Uncommon trap: reason=bimorphic action=maybe_recompile pc=0x0000000002e2b2b4 method=java.lang.ClassLoader.loadClass(Ljava/lang/String;Z)Ljava/lang/Class; @ 2
Event: 6.162 Thread 0x0000000002893800 Uncommon trap: reason=bimorphic action=maybe_recompile pc=0x0000000002e2b2b4 method=java.lang.ClassLoader.loadClass(Ljava/lang/String;Z)Ljava/lang/Class; @ 2
Event: 6.294 Thread 0x0000000002893800 Uncommon trap: reason=unstable_if action=reinterpret pc=0x0000000002fb3c28 method=java.util.HashMap.putVal(ILjava/lang/Object;Ljava/lang/Object;ZZ)Ljava/lang/Object; @ 162
Event: 6.295 Thread 0x0000000002893800 Uncommon trap: reason=unstable_if action=reinterpret pc=0x0000000002ea7fa8 method=java.util.HashMap.getNode(ILjava/lang/Object;)Ljava/util/HashMap$Node; @ 84
Event: 6.295 Thread 0x0000000002893800 Uncommon trap: reason=unstable_if action=reinterpret pc=0x0000000002dd239c method=java.util.HashMap.getNode(ILjava/lang/Object;)Ljava/util/HashMap$Node; @ 84

Internal exceptions (10 events):
Event: 5.171 Thread 0x0000000002893800 Exception <a 'java/lang/ClassNotFoundException': org/springframework/beans/factory/BeanClassLoaderAwareCustomizer> (0x00000000da257570) thrown at [C:\re\workspace\8-2-build-windows-amd64-cygwin\jdk8u111\7883\hotspot\src\share\vm\classfile\systemDictionary
Event: 5.171 Thread 0x0000000002893800 Exception <a 'java/lang/ClassNotFoundException': org/springframework/beans/factory/BeanFactoryAwareCustomizer> (0x00000000da269ca8) thrown at [C:\re\workspace\8-2-build-windows-amd64-cygwin\jdk8u111\7883\hotspot\src\share\vm\classfile\systemDictionary.cpp
Event: 5.172 Thread 0x0000000002893800 Exception <a 'java/lang/ClassNotFoundException': org/springframework/beans/factory/BeanNameAwareCustomizer> (0x00000000da27beb0) thrown at [C:\re\workspace\8-2-build-windows-amd64-cygwin\jdk8u111\7883\hotspot\src\share\vm\classfile\systemDictionary.cpp, l
Event: 5.173 Thread 0x0000000002893800 Exception <a 'java/lang/ClassNotFoundException': org/springframework/beans/factory/InitializingBeanCustomizer> (0x00000000da28e508) thrown at [C:\re\workspace\8-2-build-windows-amd64-cygwin\jdk8u111\7883\hotspot\src\share\vm\classfile\systemDictionary.cpp
Event: 5.173 Thread 0x0000000002893800 Exception <a 'java/lang/ClassNotFoundException': org/springframework/beans/factory/DisposableBeanCustomizer> (0x00000000da29f7e0) thrown at [C:\re\workspace\8-2-build-windows-amd64-cygwin\jdk8u111\7883\hotspot\src\share\vm\classfile\systemDictionary.cpp, 
Event: 5.173 Thread 0x0000000002893800 Exception <a 'java/lang/ClassNotFoundException': org/springframework/orm/jpa/EntityManagerFactoryInfoCustomizer> (0x00000000da2b1ae8) thrown at [C:\re\workspace\8-2-build-windows-amd64-cygwin\jdk8u111\7883\hotspot\src\share\vm\classfile\systemDictionary.c
Event: 5.174 Thread 0x0000000002893800 Exception <a 'java/lang/ClassNotFoundException': org/springframework/dao/support/PersistenceExceptionTranslatorCustomizer> (0x00000000da2cf380) thrown at [C:\re\workspace\8-2-build-windows-amd64-cygwin\jdk8u111\7883\hotspot\src\share\vm\classfile\systemDi
Event: 5.174 Thread 0x0000000002893800 Exception <a 'java/lang/ClassNotFoundException': java/io/SerializableCustomizer> (0x00000000da2d5f30) thrown at [C:\re\workspace\8-2-build-windows-amd64-cygwin\jdk8u111\7883\hotspot\src\share\vm\classfile\systemDictionary.cpp, line 210]
Event: 5.668 Thread 0x0000000002893800 Exception <a 'java/lang/NullPointerException'> (0x00000000d629b0e8) thrown at [C:\re\workspace\8-2-build-windows-amd64-cygwin\jdk8u111\7883\hotspot\src\share\vm\interpreter\linkResolver.cpp, line 1178]
Event: 5.668 Thread 0x0000000002893800 Exception <a 'java/lang/reflect/InvocationTargetException'> (0x00000000d62a40b0) thrown at [C:\re\workspace\8-2-build-windows-amd64-cygwin\jdk8u111\7883\hotspot\src\share\vm\runtime\reflection.cpp, line 1092]

Events (10 events):
Event: 6.314 loading class org/hibernate/sql/Select
Event: 6.314 loading class org/hibernate/sql/Select done
Event: 6.315 loading class org/hibernate/persister/entity/AbstractEntityPersister$2
Event: 6.315 loading class org/hibernate/persister/entity/AbstractEntityPersister$2 done
Event: 6.316 loading class org/hibernate/sql/SelectFragment
Event: 6.316 loading class org/hibernate/sql/SelectFragment done
Event: 6.317 loading class org/hibernate/dialect/identity/IdentityColumnSupportImpl
Event: 6.317 loading class org/hibernate/dialect/identity/IdentityColumnSupportImpl done
Event: 6.318 loading class org/hibernate/id/IdentityGenerator$BasicDelegate
Event: 6.318 loading class org/hibernate/id/IdentityGenerator$BasicDelegate done


Dynamic libraries:
0x00007ff61d040000 - 0x00007ff61d077000 	C:\Program Files\Java\jre1.8.0_111\bin\javaw.exe
0x00007ffe79b60000 - 0x00007ffe79d0d000 	C:\WINDOWS\SYSTEM32\ntdll.dll
0x00007ffe779e0000 - 0x00007ffe77b1e000 	C:\WINDOWS\system32\KERNEL32.DLL
0x00007ffe563f0000 - 0x00007ffe56423000 	C:\Program Files\AVAST Software\Avast\x64\aswhooka.dll
0x00007ffe77060000 - 0x00007ffe77175000 	C:\WINDOWS\system32\KERNELBASE.dll
0x00007ffe75850000 - 0x00007ffe758de000 	C:\WINDOWS\system32\apphelp.dll
0x00007ffe5b190000 - 0x00007ffe5b1e3000 	C:\WINDOWS\AppPatch\AppPatch64\AcGenral.DLL
0x00007ffe79a40000 - 0x00007ffe79aea000 	C:\WINDOWS\system32\msvcrt.dll
0x00007ffe76fe0000 - 0x00007ffe7700e000 	C:\WINDOWS\system32\SspiCli.dll
0x00007ffe775e0000 - 0x00007ffe77634000 	C:\WINDOWS\system32\SHLWAPI.dll
0x00007ffe77340000 - 0x00007ffe774b7000 	C:\WINDOWS\system32\USER32.dll
0x00007ffe77680000 - 0x00007ffe77814000 	C:\WINDOWS\system32\ole32.dll
0x00007ffe78210000 - 0x00007ffe79738000 	C:\WINDOWS\system32\SHELL32.dll
0x00007ffe76250000 - 0x00007ffe76271000 	C:\WINDOWS\SYSTEM32\USERENV.dll
0x00007ffe78150000 - 0x00007ffe781fa000 	C:\WINDOWS\system32\ADVAPI32.dll
0x00007ffe6c000000 - 0x00007ffe6c01e000 	C:\WINDOWS\SYSTEM32\MPR.dll
0x00007ffe77200000 - 0x00007ffe77340000 	C:\WINDOWS\system32\RPCRT4.dll
0x00007ffe799e0000 - 0x00007ffe79a39000 	C:\WINDOWS\SYSTEM32\sechost.dll
0x00007ffe77d50000 - 0x00007ffe77f61000 	C:\WINDOWS\SYSTEM32\combase.dll
0x00007ffe77890000 - 0x00007ffe779df000 	C:\WINDOWS\system32\GDI32.dll
0x00007ffe76c80000 - 0x00007ffe76c95000 	C:\WINDOWS\SYSTEM32\profapi.dll
0x00007ffe75060000 - 0x00007ffe75112000 	C:\WINDOWS\SYSTEM32\SHCORE.dll
0x00007ffe77640000 - 0x00007ffe77676000 	C:\WINDOWS\system32\IMM32.DLL
0x00007ffe77b30000 - 0x00007ffe77c82000 	C:\WINDOWS\system32\MSCTF.dll
0x00007ffe74be0000 - 0x00007ffe74e5b000 	C:\WINDOWS\WinSxS\amd64_microsoft.windows.common-controls_6595b64144ccf1df_6.0.9600.18006_none_623f33d3ecbe86e8\COMCTL32.dll
0x00000000609e0000 - 0x0000000060ab2000 	C:\Program Files\Java\jre1.8.0_111\bin\msvcr100.dll
0x0000000060ac0000 - 0x000000006135a000 	C:\Program Files\Java\jre1.8.0_111\bin\server\jvm.dll
0x00007ffe6cb80000 - 0x00007ffe6cb89000 	C:\WINDOWS\SYSTEM32\WSOCK32.dll
0x00007ffe72910000 - 0x00007ffe72932000 	C:\WINDOWS\SYSTEM32\WINMM.dll
0x00007ffe73940000 - 0x00007ffe7394a000 	C:\WINDOWS\SYSTEM32\VERSION.dll
0x00007ffe79900000 - 0x00007ffe79907000 	C:\WINDOWS\system32\PSAPI.DLL
0x00007ffe77580000 - 0x00007ffe775da000 	C:\WINDOWS\system32\WS2_32.dll
0x00007ffe72660000 - 0x00007ffe7268a000 	C:\WINDOWS\SYSTEM32\WINMMBASE.dll
0x00007ffe77820000 - 0x00007ffe77829000 	C:\WINDOWS\system32\NSI.dll
0x00007ffe77010000 - 0x00007ffe7705f000 	C:\WINDOWS\SYSTEM32\cfgmgr32.dll
0x00007ffe75ad0000 - 0x00007ffe75af8000 	C:\WINDOWS\SYSTEM32\DEVOBJ.dll
0x00000000616f0000 - 0x00000000616ff000 	C:\Program Files\Java\jre1.8.0_111\bin\verify.dll
0x00000000616c0000 - 0x00000000616e9000 	C:\Program Files\Java\jre1.8.0_111\bin\java.dll
0x0000000061670000 - 0x0000000061686000 	C:\Program Files\Java\jre1.8.0_111\bin\zip.dll
0x00000000615e0000 - 0x00000000615ed000 	C:\Program Files\Java\jre1.8.0_111\bin\management.dll
0x0000000061650000 - 0x000000006166a000 	C:\Program Files\Java\jre1.8.0_111\bin\net.dll
0x00007ffe76520000 - 0x00007ffe76579000 	C:\WINDOWS\system32\mswsock.dll
0x00007ffe6cb90000 - 0x00007ffe6cba5000 	C:\WINDOWS\system32\napinsp.dll
0x00007ffe64090000 - 0x00007ffe640aa000 	C:\WINDOWS\system32\pnrpnsp.dll
0x00007ffe71350000 - 0x00007ffe7136b000 	C:\WINDOWS\system32\NLAapi.dll
0x00007ffe762c0000 - 0x00007ffe76364000 	C:\WINDOWS\SYSTEM32\DNSAPI.dll
0x00007ffe6e910000 - 0x00007ffe6e91d000 	C:\WINDOWS\System32\winrnr.dll
0x00007ffe64030000 - 0x00007ffe64044000 	C:\WINDOWS\system32\wshbth.dll
0x00007ffe6e400000 - 0x00007ffe6e40a000 	C:\Windows\System32\rasadhlp.dll
0x00007ffe70c80000 - 0x00007ffe70caa000 	C:\WINDOWS\SYSTEM32\IPHLPAPI.DLL
0x00007ffe70c00000 - 0x00007ffe70c0a000 	C:\WINDOWS\SYSTEM32\WINNSI.DLL
0x00007ffe70ad0000 - 0x00007ffe70b3b000 	C:\WINDOWS\System32\fwpuclnt.dll
0x0000000061630000 - 0x0000000061641000 	C:\Program Files\Java\jre1.8.0_111\bin\nio.dll
0x00007ffe76580000 - 0x00007ffe765a0000 	C:\WINDOWS\SYSTEM32\CRYPTSP.dll
0x00007ffe760f0000 - 0x00007ffe76126000 	C:\WINDOWS\system32\rsaenh.dll
0x00007ffe76820000 - 0x00007ffe76846000 	C:\WINDOWS\SYSTEM32\bcrypt.dll
0x00007ffe76ae0000 - 0x00007ffe76b43000 	C:\WINDOWS\system32\bcryptprimitives.dll
0x00007ffe76b50000 - 0x00007ffe76b5b000 	C:\WINDOWS\SYSTEM32\CRYPTBASE.dll
0x00007ffe70740000 - 0x00007ffe70756000 	C:\WINDOWS\SYSTEM32\dhcpcsvc6.DLL
0x00007ffe70920000 - 0x00007ffe7093a000 	C:\WINDOWS\SYSTEM32\dhcpcsvc.DLL

VM Arguments:
jvm_args: -Dfile.encoding=UTF-8 
java_command: br.com.atleticaAlanTuring.AtleticaApplication
java_class_path (initial): C:\Users\Filipe\Desktop\Unirio\Uniriotec EJ\atletica\atletica\target\classes;C:\Users\Filipe\.m2\repository\org\springframework\boot\spring-boot-starter-data-jpa\1.5.1.RELEASE\spring-boot-starter-data-jpa-1.5.1.RELEASE.jar;C:\Users\Filipe\.m2\repository\org\springframework\boot\spring-boot-starter\1.5.1.RELEASE\spring-boot-starter-1.5.1.RELEASE.jar;C:\Users\Filipe\.m2\repository\org\springframework\boot\spring-boot\1.5.1.RELEASE\spring-boot-1.5.1.RELEASE.jar;C:\Users\Filipe\.m2\repository\org\springframework\boot\spring-boot-autoconfigure\1.5.1.RELEASE\spring-boot-autoconfigure-1.5.1.RELEASE.jar;C:\Users\Filipe\.m2\repository\org\springframework\boot\spring-boot-starter-logging\1.5.1.RELEASE\spring-boot-starter-logging-1.5.1.RELEASE.jar;C:\Users\Filipe\.m2\repository\ch\qos\logback\logback-classic\1.1.9\logback-classic-1.1.9.jar;C:\Users\Filipe\.m2\repository\ch\qos\logback\logback-core\1.1.9\logback-core-1.1.9.jar;C:\Users\Filipe\.m2\repository\org\slf4j\jul-to-slf4j\1.7.22\jul-to-slf4j-1.7.22.jar;C:\Users\Filipe\.m2\repository\org\slf4j\log4j-over-slf4j\1.7.22\log4j-over-slf4j-1.7.22.jar;C:\Users\Filipe\.m2\repository\org\yaml\snakeyaml\1.17\snakeyaml-1.17.jar;C:\Users\Filipe\.m2\repository\org\springframework\boot\spring-boot-starter-aop\1.5.1.RELEASE\spring-boot-starter-aop-1.5.1.RELEASE.jar;C:\Users\Filipe\.m2\repository\org\springframework\spring-aop\4.3.6.RELEASE\spring-aop-4.3.6.RELEASE.jar;C:\Users\Filipe\.m2\repository\org\aspectj\aspectjweaver\1.8.9\aspectjweaver-1.8.9.jar;C:\Users\Filipe\.m2\repository\org\springframework\boot\spring-boot-starter-jdbc\1.5.1.RELEASE\spring-boot-starter-jdbc-1.5.1.RELEASE.jar;C:\Users\Filipe\.m2\repository\org\apache\tomcat\tomcat-jdbc\8.5.11\tomcat-jdbc-8.5.11.jar;C:\Users\Filipe\.m2\repository\org\apache\tomcat\tomcat-juli\8.5.11\tomcat-juli-8.5.11.jar;C:\Users\Filipe\.m2\repository\org\springframework\spring-jdbc\4.3.6.RELEASE\spring-jdbc-4.3.6.RELEASE.jar;C:\Users\Filipe\.m2\repository\org\
Launcher Type: SUN_STANDARD

Environment Variables:
PATH=c:/Program Files/Java/jre1.8.0_111/bin/server;c:/Program Files/Java/jre1.8.0_111/bin;c:/Program Files/Java/jre1.8.0_111/lib/amd64;C:\Natural-CE\AdabasClient\INSTALL\..\bin32;C:\Natural-CE\AdabasClient\INSTALL\..\bin;C:\ProgramData\Oracle\Java\javapath;C:\Program Files (x86)\Intel\iCLS Client\;C:\Program Files\Intel\iCLS Client\;C:\WINDOWS\system32;C:\Program Files\Java\jdk1.8.0_111\bin;C:\WINDOWS;C:\WINDOWS\System32\Wbem;C:\WINDOWS\System32\WindowsPowerShell\v1.0\;C:\Program Files\Intel\Intel(R) Management Engine Components\DAL;C:\Program Files\Intel\Intel(R) Management Engine Components\IPT;C:\Program Files (x86)\Intel\Intel(R) Management Engine Components\DAL;C:\Program Files (x86)\Intel\Intel(R) Management Engine Components\IPT;C:\Program Files\Intel\WiFi\bin\;C:\Program Files\Common Files\Intel\WirelessCommon\;C:\Program Files (x86)\Windows Live\Shared;C:\Program Files (x86)\Skype\Phone\;C:\Ferramentas\eclipse\eclipse;
USERNAME=Filipe
OS=Windows_NT
PROCESSOR_IDENTIFIER=Intel64 Family 6 Model 69 Stepping 1, GenuineIntel



---------------  S Y S T E M  ---------------

OS: Windows 8.1 , 64 bit Build 9600 (6.3.9600.17415)

CPU:total 4 (2 cores per cpu, 2 threads per core) family 6 model 69 stepping 1, cmov, cx8, fxsr, mmx, sse, sse2, sse3, ssse3, sse4.1, sse4.2, popcnt, avx, avx2, aes, clmul, erms, lzcnt, ht, tsc, tscinvbit, bmi1, bmi2

Memory: 4k page, physical 8291404k(1646536k free), swap 8291404k(5064k free)

vm_info: Java HotSpot(TM) 64-Bit Server VM (25.111-b14) for windows-amd64 JRE (1.8.0_111-b14), built on Sep 22 2016 19:24:05 by "java_re" with MS VC++ 10.0 (VS2010)

time: Wed Feb 15 17:40:29 2017
elapsed time: 6 seconds (0d 0h 0m 6s)

